#
# A fatal error has been detected by the Java Runtime Environment:
#
#  EXCEPTION_ACCESS_VIOLATION (0xc0000005) at pc=0x00007ffe6390f27d, pid=13840, tid=20800
#
# JRE version: Java(TM) SE Runtime Environment 18.9 (11.0.10+8) (build 11.0.10+8-LTS-162)
# Java VM: Java HotSpot(TM) 64-Bit Server VM 18.9 (11.0.10+8-LTS-162, mixed mode, tiered, compressed oops, g1 gc, windows-amd64)
# Problematic frame:
# V  [jvm.dll+0x50f27d]
#
# No core dump will be written. Minidumps are not enabled by default on client versions of Windows
#
# If you would like to submit a bug report, please visit:
#   https://bugreport.java.com/bugreport/crash.jsp
#

---------------  S U M M A R Y ------------

Command Line: -agentlib:jdwp=transport=dt_socket,address=127.0.0.1:57659,suspend=y,server=n -javaagent:C:\Users\maria\AppData\Local\JetBrains\IdeaIC2020.3\captureAgent\debugger-agent.jar -Dfile.encoding=UTF-8 debug.learnDebugging

Host: Intel(R) Core(TM) i7-1065G7 CPU @ 1.30GHz, 8 cores, 7G,  Windows 10 , 64 bit Build 19041 (10.0.19041.1202)
Time: Sun Oct 24 23:17:03 2021 Eastern Daylight Time elapsed time: 273.471041 seconds (0d 0h 4m 33s)

---------------  T H R E A D  ---------------

Current thread (0x000001dc9e8b6000):  JavaThread "main" [_thread_in_vm, id=20800, stack(0x00000031cff00000,0x00000031d0000000)]

Stack: [0x00000031cff00000,0x00000031d0000000],  sp=0x00000031cfffed10,  free space=1019k
Native frames: (J=compiled Java code, j=interpreted, Vv=VM code, C=native code)
V  [jvm.dll+0x50f27d]
V  [jvm.dll+0x363e28]
V  [jvm.dll+0x363524]
C  0x000001dca6d9bed8

Java frames: (J=compiled Java code, j=interpreted, Vv=VM code)
j  debug.learnDebugging.main([Ljava/lang/String;)V+32
v  ~StubRoutines::call_stub

siginfo: EXCEPTION_ACCESS_VIOLATION (0xc0000005), reading address 0x00000000fffffffe


Register to memory mapping:

RIP=0x00007ffe6390f27d jvm.dll
RAX=0x00000031cfffed70 is pointing into the stack for thread: 0x000001dc9e8b6000
RBX=0x000001dc9e8b6ff0 points into unknown readable memory: f6 ff ff ff 00 00 00 00
RCX=0x00000031cfffece0 is pointing into the stack for thread: 0x000001dc9e8b6000
RDX=0x00000031cfffece0 is pointing into the stack for thread: 0x000001dc9e8b6000
RSP=0x00000031cfffed10 is pointing into the stack for thread: 0x000001dc9e8b6000
RBP=0x00000031cfffed69 is pointing into the stack for thread: 0x000001dc9e8b6000
RSI=0x00000031cfffee50 is pointing into the stack for thread: 0x000001dc9e8b6000
RDI=
[error occurred during error reporting (printing register info), id 0xc0000005, EXCEPTION_ACCESS_VIOLATION (0xc0000005) at pc=0x00007ffe636d71c6]

Registers:
RAX=0x00000031cfffed70, RBX=0x000001dc9e8b6ff0, RCX=0x00000031cfffece0, RDX=0x00000031cfffece0
RSP=0x00000031cfffed10, RBP=0x00000031cfffed69, RSI=0x00000031cfffee50, RDI=0x00000000fffffff6
R8 =0x0000000000000004, R9 =0x000001dcbe19fce8, R10=0x000001dcbe19f860, R11=0x0000000000000000
R12=0x000001dc9e8b6b00, R13=0x00000000000000b6, R14=0x000001dc9e8b6000, R15=0x0000000000000000
RIP=0x00007ffe6390f27d, EFLAGS=0x0000000000010202

Top of Stack: (sp=0x00000031cfffed10)
0x00000031cfffed10:   000001dc9cef180a 000001dc9e8b6ff0
0x00000031cfffed20:   00000031cfffed69 00007ffe63a93f0a
0x00000031cfffed30:   00000031cfffed80 000001dc9e8b6ff0
0x00000031cfffed40:   000001dc9e8b70c8 000001dcbdf835f8
0x00000031cfffed50:   00000031cfffee10 00007ffe636c6761
0x00000031cfffed60:   00000031cfffeea0 000001dcbdf3dc61
0x00000031cfffed70:   000001dcbdaacb68 000001dcbdaaef20
0x00000031cfffed80:   0000000100023d88 0000000100088040
0x00000031cfffed90:   0000000000000000 0000000000000000
0x00000031cfffeda0:   000000019e8b0a01 000001dc9cee0590
0x00000031cfffedb0:   00000031cfffeec0 00007ffe63763e28
0x00000031cfffedc0:   000001dc9e8b6ff0 000001dc9e8b6c00
0x00000031cfffedd0:   000001dcbe19fbe0 000001dc9e8b6000
0x00000031cfffede0:   000001dc000000b6 000001dc9e8b6000
0x00000031cfffedf0:   000001dcbe19fc48 000001dc9e8b6000
0x00000031cfffee00:   000001dc9e8b6fd8 0000000000200031 

Instructions: (pc=0x00007ffe6390f27d)
0x00007ffe6390f25d:   49 83 7e 08 00 0f 85 d9 01 00 00 48 85 db 75 04
0x00007ffe6390f26d:   33 ff eb 25 80 3d 09 ba 51 00 00 48 8b 3b 74 15
0x00007ffe6390f27d:   8b 7f 08 8b 0d d2 2c 4d 00 48 d3 e7 48 03 3d c0
0x00007ffe6390f28d:   2c 4d 00 eb 04 48 8b 7f 08 4d 8b c6 48 8d 55 07 


Stack slot to memory mapping:
stack at sp + 0 slots: 0x000001dc9cef180a points into unknown readable memory: 4d a1 00 0c 00 8e
stack at sp + 1 slots: 0x000001dc9e8b6ff0 points into unknown readable memory: f6 ff ff ff 00 00 00 00
stack at sp + 2 slots: 0x00000031cfffed69 is pointing into the stack for thread: 0x000001dc9e8b6000
stack at sp + 3 slots: 0x00007ffe63a93f0a jvm.dll
stack at sp + 4 slots: 0x00000031cfffed80 is pointing into the stack for thread: 0x000001dc9e8b6000
stack at sp + 5 slots: 0x000001dc9e8b6ff0 points into unknown readable memory: f6 ff ff ff 00 00 00 00
stack at sp + 6 slots: 0x000001dc9e8b70c8 points into unknown readable memory: e9 a8 1d 7e c5 05 02 18
stack at sp + 7 slots: {method} {0x000001dcbdf83600} 'linkToTargetMethod' '(ILjava/lang/Object;)Ljava/lang/Object;' in 'java/lang/invoke/Invokers$Holder'


---------------  P R O C E S S  ---------------

Threads class SMR info:
_java_thread_list=0x000001dcbe8adcc0, length=13, elements={
0x000001dc9e8b6000, 0x000001dcbdbef800, 0x000001dcbdbf8800, 0x000001dcbe582800,
0x000001dcbdc06800, 0x000001dcbdc07000, 0x000001dcbdc15800, 0x000001dcbdc18000,
0x000001dcbe61d000, 0x000001dcbe82b000, 0x000001dcbe7cc000, 0x000001dcbe809000,
0x000001dcbe891800
}

Java Threads: ( => current thread )
=>0x000001dc9e8b6000 JavaThread "main" [_thread_in_vm, id=20800, stack(0x00000031cff00000,0x00000031d0000000)]
  0x000001dcbdbef800 JavaThread "Reference Handler" daemon [_thread_blocked, id=3144, stack(0x00000031d0600000,0x00000031d0700000)]
  0x000001dcbdbf8800 JavaThread "Finalizer" daemon [_thread_blocked, id=11004, stack(0x00000031d0700000,0x00000031d0800000)]
  0x000001dcbe582800 JavaThread "Signal Dispatcher" daemon [_thread_blocked, id=22152, stack(0x00000031d0800000,0x00000031d0900000)]
  0x000001dcbdc06800 JavaThread "Attach Listener" daemon [_thread_blocked, id=21152, stack(0x00000031d0900000,0x00000031d0a00000)]
  0x000001dcbdc07000 JavaThread "C2 CompilerThread0" daemon [_thread_blocked, id=14480, stack(0x00000031d0a00000,0x00000031d0b00000)]
  0x000001dcbdc15800 JavaThread "C1 CompilerThread0" daemon [_thread_blocked, id=2972, stack(0x00000031d0b00000,0x00000031d0c00000)]
  0x000001dcbdc18000 JavaThread "Sweeper thread" daemon [_thread_blocked, id=19608, stack(0x00000031d0c00000,0x00000031d0d00000)]
  0x000001dcbe61d000 JavaThread "Common-Cleaner" daemon [_thread_blocked, id=3540, stack(0x00000031d0d00000,0x00000031d0e00000)]
  0x000001dcbe82b000 JavaThread "JDWP Transport Listener: dt_socket" daemon [_thread_blocked, id=10432, stack(0x00000031d0f00000,0x00000031d1000000)]
  0x000001dcbe7cc000 JavaThread "JDWP Event Helper Thread" daemon [_thread_blocked, id=2256, stack(0x00000031d1000000,0x00000031d1100000)]
  0x000001dcbe809000 JavaThread "JDWP Command Reader" daemon [_thread_in_native, id=21676, stack(0x00000031d1100000,0x00000031d1200000)]
  0x000001dcbe891800 JavaThread "Service Thread" daemon [_thread_blocked, id=19568, stack(0x00000031d0e00000,0x00000031d0f00000)]

Other Threads:
  0x000001dcbdbed800 VMThread "VM Thread" [stack: 0x00000031d0500000,0x00000031d0600000] [id=11788]
  0x000001dcbe814000 WatcherThread [stack: 0x00000031d1200000,0x00000031d1300000] [id=13300]
  0x000001dc9e8ca000 GCTaskThread "GC Thread#0" [stack: 0x00000031d0000000,0x00000031d0100000] [id=16736]
  0x000001dc9e8fa000 ConcurrentGCThread "G1 Main Marker" [stack: 0x00000031d0100000,0x00000031d0200000] [id=7064]
  0x000001dc9e8fc800 ConcurrentGCThread "G1 Conc#0" [stack: 0x00000031d0200000,0x00000031d0300000] [id=3140]
  0x000001dc9e991800 ConcurrentGCThread "G1 Refine#0" [stack: 0x00000031d0300000,0x00000031d0400000] [id=22168]
  0x000001dc9e992800 ConcurrentGCThread "G1 Young RemSet Sampling" [stack: 0x00000031d0400000,0x00000031d0500000] [id=10872]

Threads with active compile tasks:

VM state:not at safepoint (normal execution)

VM Mutex/Monitor currently owned by a thread: None

Heap address: 0x0000000084c00000, size: 1972 MB, Compressed Oops mode: 32-bit
Narrow klass base: 0x0000000000000000, Narrow klass shift: 3
Compressed class space size: 1073741824 Address: 0x0000000100000000

Heap:
 garbage-first heap   total 126976K, used 2048K [0x0000000084c00000, 0x0000000100000000)
  region size 1024K, 3 young (3072K), 0 survivors (0K)
 Metaspace       used 6354K, capacity 6442K, committed 6528K, reserved 1056768K
  class space    used 563K, capacity 618K, committed 640K, reserved 1048576K
Heap Regions: E=young(eden), S=young(survivor), O=old, HS=humongous(starts), HC=humongous(continues), CS=collection set, F=free, A=archive, TAMS=top-at-mark-start (previous, next)
|   0|0x0000000084c00000, 0x0000000084c00000, 0x0000000084d00000|  0%| F|  |TAMS 0x0000000084c00000, 0x0000000084c00000| Untracked 
|   1|0x0000000084d00000, 0x0000000084d00000, 0x0000000084e00000|  0%| F|  |TAMS 0x0000000084d00000, 0x0000000084d00000| Untracked 
|   2|0x0000000084e00000, 0x0000000084e00000, 0x0000000084f00000|  0%| F|  |TAMS 0x0000000084e00000, 0x0000000084e00000| Untracked 
|   3|0x0000000084f00000, 0x0000000084f00000, 0x0000000085000000|  0%| F|  |TAMS 0x0000000084f00000, 0x0000000084f00000| Untracked 
|   4|0x0000000085000000, 0x0000000085000000, 0x0000000085100000|  0%| F|  |TAMS 0x0000000085000000, 0x0000000085000000| Untracked 
|   5|0x0000000085100000, 0x0000000085100000, 0x0000000085200000|  0%| F|  |TAMS 0x0000000085100000, 0x0000000085100000| Untracked 
|   6|0x0000000085200000, 0x0000000085200000, 0x0000000085300000|  0%| F|  |TAMS 0x0000000085200000, 0x0000000085200000| Untracked 
|   7|0x0000000085300000, 0x0000000085300000, 0x0000000085400000|  0%| F|  |TAMS 0x0000000085300000, 0x0000000085300000| Untracked 
|   8|0x0000000085400000, 0x0000000085400000, 0x0000000085500000|  0%| F|  |TAMS 0x0000000085400000, 0x0000000085400000| Untracked 
|   9|0x0000000085500000, 0x0000000085500000, 0x0000000085600000|  0%| F|  |TAMS 0x0000000085500000, 0x0000000085500000| Untracked 
|  10|0x0000000085600000, 0x0000000085600000, 0x0000000085700000|  0%| F|  |TAMS 0x0000000085600000, 0x0000000085600000| Untracked 
|  11|0x0000000085700000, 0x0000000085700000, 0x0000000085800000|  0%| F|  |TAMS 0x0000000085700000, 0x0000000085700000| Untracked 
|  12|0x0000000085800000, 0x0000000085800000, 0x0000000085900000|  0%| F|  |TAMS 0x0000000085800000, 0x0000000085800000| Untracked 
|  13|0x0000000085900000, 0x0000000085900000, 0x0000000085a00000|  0%| F|  |TAMS 0x0000000085900000, 0x0000000085900000| Untracked 
|  14|0x0000000085a00000, 0x0000000085a00000, 0x0000000085b00000|  0%| F|  |TAMS 0x0000000085a00000, 0x0000000085a00000| Untracked 
|  15|0x0000000085b00000, 0x0000000085b00000, 0x0000000085c00000|  0%| F|  |TAMS 0x0000000085b00000, 0x0000000085b00000| Untracked 
|  16|0x0000000085c00000, 0x0000000085c00000, 0x0000000085d00000|  0%| F|  |TAMS 0x0000000085c00000, 0x0000000085c00000| Untracked 
|  17|0x0000000085d00000, 0x0000000085d00000, 0x0000000085e00000|  0%| F|  |TAMS 0x0000000085d00000, 0x0000000085d00000| Untracked 
|  18|0x0000000085e00000, 0x0000000085e00000, 0x0000000085f00000|  0%| F|  |TAMS 0x0000000085e00000, 0x0000000085e00000| Untracked 
|  19|0x0000000085f00000, 0x0000000085f00000, 0x0000000086000000|  0%| F|  |TAMS 0x0000000085f00000, 0x0000000085f00000| Untracked 
|  20|0x0000000086000000, 0x0000000086000000, 0x0000000086100000|  0%| F|  |TAMS 0x0000000086000000, 0x0000000086000000| Untracked 
|  21|0x0000000086100000, 0x0000000086100000, 0x0000000086200000|  0%| F|  |TAMS 0x0000000086100000, 0x0000000086100000| Untracked 
|  22|0x0000000086200000, 0x0000000086200000, 0x0000000086300000|  0%| F|  |TAMS 0x0000000086200000, 0x0000000086200000| Untracked 
|  23|0x0000000086300000, 0x0000000086300000, 0x0000000086400000|  0%| F|  |TAMS 0x0000000086300000, 0x0000000086300000| Untracked 
|  24|0x0000000086400000, 0x0000000086400000, 0x0000000086500000|  0%| F|  |TAMS 0x0000000086400000, 0x0000000086400000| Untracked 
|  25|0x0000000086500000, 0x0000000086500000, 0x0000000086600000|  0%| F|  |TAMS 0x0000000086500000, 0x0000000086500000| Untracked 
|  26|0x0000000086600000, 0x0000000086600000, 0x0000000086700000|  0%| F|  |TAMS 0x0000000086600000, 0x0000000086600000| Untracked 
|  27|0x0000000086700000, 0x0000000086700000, 0x0000000086800000|  0%| F|  |TAMS 0x0000000086700000, 0x0000000086700000| Untracked 
|  28|0x0000000086800000, 0x0000000086800000, 0x0000000086900000|  0%| F|  |TAMS 0x0000000086800000, 0x0000000086800000| Untracked 
|  29|0x0000000086900000, 0x0000000086900000, 0x0000000086a00000|  0%| F|  |TAMS 0x0000000086900000, 0x0000000086900000| Untracked 
|  30|0x0000000086a00000, 0x0000000086a00000, 0x0000000086b00000|  0%| F|  |TAMS 0x0000000086a00000, 0x0000000086a00000| Untracked 
|  31|0x0000000086b00000, 0x0000000086b00000, 0x0000000086c00000|  0%| F|  |TAMS 0x0000000086b00000, 0x0000000086b00000| Untracked 
|  32|0x0000000086c00000, 0x0000000086c00000, 0x0000000086d00000|  0%| F|  |TAMS 0x0000000086c00000, 0x0000000086c00000| Untracked 
|  33|0x0000000086d00000, 0x0000000086d00000, 0x0000000086e00000|  0%| F|  |TAMS 0x0000000086d00000, 0x0000000086d00000| Untracked 
|  34|0x0000000086e00000, 0x0000000086e00000, 0x0000000086f00000|  0%| F|  |TAMS 0x0000000086e00000, 0x0000000086e00000| Untracked 
|  35|0x0000000086f00000, 0x0000000086f00000, 0x0000000087000000|  0%| F|  |TAMS 0x0000000086f00000, 0x0000000086f00000| Untracked 
|  36|0x0000000087000000, 0x0000000087000000, 0x0000000087100000|  0%| F|  |TAMS 0x0000000087000000, 0x0000000087000000| Untracked 
|  37|0x0000000087100000, 0x0000000087100000, 0x0000000087200000|  0%| F|  |TAMS 0x0000000087100000, 0x0000000087100000| Untracked 
|  38|0x0000000087200000, 0x0000000087200000, 0x0000000087300000|  0%| F|  |TAMS 0x0000000087200000, 0x0000000087200000| Untracked 
|  39|0x0000000087300000, 0x0000000087300000, 0x0000000087400000|  0%| F|  |TAMS 0x0000000087300000, 0x0000000087300000| Untracked 
|  40|0x0000000087400000, 0x0000000087400000, 0x0000000087500000|  0%| F|  |TAMS 0x0000000087400000, 0x0000000087400000| Untracked 
|  41|0x0000000087500000, 0x0000000087500000, 0x0000000087600000|  0%| F|  |TAMS 0x0000000087500000, 0x0000000087500000| Untracked 
|  42|0x0000000087600000, 0x0000000087600000, 0x0000000087700000|  0%| F|  |TAMS 0x0000000087600000, 0x0000000087600000| Untracked 
|  43|0x0000000087700000, 0x0000000087700000, 0x0000000087800000|  0%| F|  |TAMS 0x0000000087700000, 0x0000000087700000| Untracked 
|  44|0x0000000087800000, 0x0000000087800000, 0x0000000087900000|  0%| F|  |TAMS 0x0000000087800000, 0x0000000087800000| Untracked 
|  45|0x0000000087900000, 0x0000000087900000, 0x0000000087a00000|  0%| F|  |TAMS 0x0000000087900000, 0x0000000087900000| Untracked 
|  46|0x0000000087a00000, 0x0000000087a00000, 0x0000000087b00000|  0%| F|  |TAMS 0x0000000087a00000, 0x0000000087a00000| Untracked 
|  47|0x0000000087b00000, 0x0000000087b00000, 0x0000000087c00000|  0%| F|  |TAMS 0x0000000087b00000, 0x0000000087b00000| Untracked 
|  48|0x0000000087c00000, 0x0000000087c00000, 0x0000000087d00000|  0%| F|  |TAMS 0x0000000087c00000, 0x0000000087c00000| Untracked 
|  49|0x0000000087d00000, 0x0000000087d00000, 0x0000000087e00000|  0%| F|  |TAMS 0x0000000087d00000, 0x0000000087d00000| Untracked 
|  50|0x0000000087e00000, 0x0000000087e00000, 0x0000000087f00000|  0%| F|  |TAMS 0x0000000087e00000, 0x0000000087e00000| Untracked 
|  51|0x0000000087f00000, 0x0000000087f00000, 0x0000000088000000|  0%| F|  |TAMS 0x0000000087f00000, 0x0000000087f00000| Untracked 
|  52|0x0000000088000000, 0x0000000088000000, 0x0000000088100000|  0%| F|  |TAMS 0x0000000088000000, 0x0000000088000000| Untracked 
|  53|0x0000000088100000, 0x0000000088100000, 0x0000000088200000|  0%| F|  |TAMS 0x0000000088100000, 0x0000000088100000| Untracked 
|  54|0x0000000088200000, 0x0000000088200000, 0x0000000088300000|  0%| F|  |TAMS 0x0000000088200000, 0x0000000088200000| Untracked 
|  55|0x0000000088300000, 0x0000000088300000, 0x0000000088400000|  0%| F|  |TAMS 0x0000000088300000, 0x0000000088300000| Untracked 
|  56|0x0000000088400000, 0x0000000088400000, 0x0000000088500000|  0%| F|  |TAMS 0x0000000088400000, 0x0000000088400000| Untracked 
|  57|0x0000000088500000, 0x0000000088500000, 0x0000000088600000|  0%| F|  |TAMS 0x0000000088500000, 0x0000000088500000| Untracked 
|  58|0x0000000088600000, 0x0000000088600000, 0x0000000088700000|  0%| F|  |TAMS 0x0000000088600000, 0x0000000088600000| Untracked 
|  59|0x0000000088700000, 0x0000000088700000, 0x0000000088800000|  0%| F|  |TAMS 0x0000000088700000, 0x0000000088700000| Untracked 
|  60|0x0000000088800000, 0x0000000088800000, 0x0000000088900000|  0%| F|  |TAMS 0x0000000088800000, 0x0000000088800000| Untracked 
|  61|0x0000000088900000, 0x0000000088900000, 0x0000000088a00000|  0%| F|  |TAMS 0x0000000088900000, 0x0000000088900000| Untracked 
|  62|0x0000000088a00000, 0x0000000088a00000, 0x0000000088b00000|  0%| F|  |TAMS 0x0000000088a00000, 0x0000000088a00000| Untracked 
|  63|0x0000000088b00000, 0x0000000088b00000, 0x0000000088c00000|  0%| F|  |TAMS 0x0000000088b00000, 0x0000000088b00000| Untracked 
|  64|0x0000000088c00000, 0x0000000088c00000, 0x0000000088d00000|  0%| F|  |TAMS 0x0000000088c00000, 0x0000000088c00000| Untracked 
|  65|0x0000000088d00000, 0x0000000088d00000, 0x0000000088e00000|  0%| F|  |TAMS 0x0000000088d00000, 0x0000000088d00000| Untracked 
|  66|0x0000000088e00000, 0x0000000088e00000, 0x0000000088f00000|  0%| F|  |TAMS 0x0000000088e00000, 0x0000000088e00000| Untracked 
|  67|0x0000000088f00000, 0x0000000088f00000, 0x0000000089000000|  0%| F|  |TAMS 0x0000000088f00000, 0x0000000088f00000| Untracked 
|  68|0x0000000089000000, 0x0000000089000000, 0x0000000089100000|  0%| F|  |TAMS 0x0000000089000000, 0x0000000089000000| Untracked 
|  69|0x0000000089100000, 0x0000000089100000, 0x0000000089200000|  0%| F|  |TAMS 0x0000000089100000, 0x0000000089100000| Untracked 
|  70|0x0000000089200000, 0x0000000089200000, 0x0000000089300000|  0%| F|  |TAMS 0x0000000089200000, 0x0000000089200000| Untracked 
|  71|0x0000000089300000, 0x0000000089300000, 0x0000000089400000|  0%| F|  |TAMS 0x0000000089300000, 0x0000000089300000| Untracked 
|  72|0x0000000089400000, 0x0000000089400000, 0x0000000089500000|  0%| F|  |TAMS 0x0000000089400000, 0x0000000089400000| Untracked 
|  73|0x0000000089500000, 0x0000000089500000, 0x0000000089600000|  0%| F|  |TAMS 0x0000000089500000, 0x0000000089500000| Untracked 
|  74|0x0000000089600000, 0x0000000089600000, 0x0000000089700000|  0%| F|  |TAMS 0x0000000089600000, 0x0000000089600000| Untracked 
|  75|0x0000000089700000, 0x0000000089700000, 0x0000000089800000|  0%| F|  |TAMS 0x0000000089700000, 0x0000000089700000| Untracked 
|  76|0x0000000089800000, 0x0000000089800000, 0x0000000089900000|  0%| F|  |TAMS 0x0000000089800000, 0x0000000089800000| Untracked 
|  77|0x0000000089900000, 0x0000000089900000, 0x0000000089a00000|  0%| F|  |TAMS 0x0000000089900000, 0x0000000089900000| Untracked 
|  78|0x0000000089a00000, 0x0000000089a00000, 0x0000000089b00000|  0%| F|  |TAMS 0x0000000089a00000, 0x0000000089a00000| Untracked 
|  79|0x0000000089b00000, 0x0000000089b00000, 0x0000000089c00000|  0%| F|  |TAMS 0x0000000089b00000, 0x0000000089b00000| Untracked 
|  80|0x0000000089c00000, 0x0000000089c00000, 0x0000000089d00000|  0%| F|  |TAMS 0x0000000089c00000, 0x0000000089c00000| Untracked 
|  81|0x0000000089d00000, 0x0000000089d00000, 0x0000000089e00000|  0%| F|  |TAMS 0x0000000089d00000, 0x0000000089d00000| Untracked 
|  82|0x0000000089e00000, 0x0000000089e00000, 0x0000000089f00000|  0%| F|  |TAMS 0x0000000089e00000, 0x0000000089e00000| Untracked 
|  83|0x0000000089f00000, 0x0000000089f00000, 0x000000008a000000|  0%| F|  |TAMS 0x0000000089f00000, 0x0000000089f00000| Untracked 
|  84|0x000000008a000000, 0x000000008a000000, 0x000000008a100000|  0%| F|  |TAMS 0x000000008a000000, 0x000000008a000000| Untracked 
|  85|0x000000008a100000, 0x000000008a100000, 0x000000008a200000|  0%| F|  |TAMS 0x000000008a100000, 0x000000008a100000| Untracked 
|  86|0x000000008a200000, 0x000000008a200000, 0x000000008a300000|  0%| F|  |TAMS 0x000000008a200000, 0x000000008a200000| Untracked 
|  87|0x000000008a300000, 0x000000008a300000, 0x000000008a400000|  0%| F|  |TAMS 0x000000008a300000, 0x000000008a300000| Untracked 
|  88|0x000000008a400000, 0x000000008a400000, 0x000000008a500000|  0%| F|  |TAMS 0x000000008a400000, 0x000000008a400000| Untracked 
|  89|0x000000008a500000, 0x000000008a500000, 0x000000008a600000|  0%| F|  |TAMS 0x000000008a500000, 0x000000008a500000| Untracked 
|  90|0x000000008a600000, 0x000000008a600000, 0x000000008a700000|  0%| F|  |TAMS 0x000000008a600000, 0x000000008a600000| Untracked 
|  91|0x000000008a700000, 0x000000008a700000, 0x000000008a800000|  0%| F|  |TAMS 0x000000008a700000, 0x000000008a700000| Untracked 
|  92|0x000000008a800000, 0x000000008a800000, 0x000000008a900000|  0%| F|  |TAMS 0x000000008a800000, 0x000000008a800000| Untracked 
|  93|0x000000008a900000, 0x000000008a900000, 0x000000008aa00000|  0%| F|  |TAMS 0x000000008a900000, 0x000000008a900000| Untracked 
|  94|0x000000008aa00000, 0x000000008aa00000, 0x000000008ab00000|  0%| F|  |TAMS 0x000000008aa00000, 0x000000008aa00000| Untracked 
|  95|0x000000008ab00000, 0x000000008ab00000, 0x000000008ac00000|  0%| F|  |TAMS 0x000000008ab00000, 0x000000008ab00000| Untracked 
|  96|0x000000008ac00000, 0x000000008ac00000, 0x000000008ad00000|  0%| F|  |TAMS 0x000000008ac00000, 0x000000008ac00000| Untracked 
|  97|0x000000008ad00000, 0x000000008ad00000, 0x000000008ae00000|  0%| F|  |TAMS 0x000000008ad00000, 0x000000008ad00000| Untracked 
|  98|0x000000008ae00000, 0x000000008ae00000, 0x000000008af00000|  0%| F|  |TAMS 0x000000008ae00000, 0x000000008ae00000| Untracked 
|  99|0x000000008af00000, 0x000000008af00000, 0x000000008b000000|  0%| F|  |TAMS 0x000000008af00000, 0x000000008af00000| Untracked 
| 100|0x000000008b000000, 0x000000008b000000, 0x000000008b100000|  0%| F|  |TAMS 0x000000008b000000, 0x000000008b000000| Untracked 
| 101|0x000000008b100000, 0x000000008b100000, 0x000000008b200000|  0%| F|  |TAMS 0x000000008b100000, 0x000000008b100000| Untracked 
| 102|0x000000008b200000, 0x000000008b200000, 0x000000008b300000|  0%| F|  |TAMS 0x000000008b200000, 0x000000008b200000| Untracked 
| 103|0x000000008b300000, 0x000000008b300000, 0x000000008b400000|  0%| F|  |TAMS 0x000000008b300000, 0x000000008b300000| Untracked 
| 104|0x000000008b400000, 0x000000008b400000, 0x000000008b500000|  0%| F|  |TAMS 0x000000008b400000, 0x000000008b400000| Untracked 
| 105|0x000000008b500000, 0x000000008b500000, 0x000000008b600000|  0%| F|  |TAMS 0x000000008b500000, 0x000000008b500000| Untracked 
| 106|0x000000008b600000, 0x000000008b600000, 0x000000008b700000|  0%| F|  |TAMS 0x000000008b600000, 0x000000008b600000| Untracked 
| 107|0x000000008b700000, 0x000000008b700000, 0x000000008b800000|  0%| F|  |TAMS 0x000000008b700000, 0x000000008b700000| Untracked 
| 108|0x000000008b800000, 0x000000008b800000, 0x000000008b900000|  0%| F|  |TAMS 0x000000008b800000, 0x000000008b800000| Untracked 
| 109|0x000000008b900000, 0x000000008b900000, 0x000000008ba00000|  0%| F|  |TAMS 0x000000008b900000, 0x000000008b900000| Untracked 
| 110|0x000000008ba00000, 0x000000008ba00000, 0x000000008bb00000|  0%| F|  |TAMS 0x000000008ba00000, 0x000000008ba00000| Untracked 
| 111|0x000000008bb00000, 0x000000008bb00000, 0x000000008bc00000|  0%| F|  |TAMS 0x000000008bb00000, 0x000000008bb00000| Untracked 
| 112|0x000000008bc00000, 0x000000008bc00000, 0x000000008bd00000|  0%| F|  |TAMS 0x000000008bc00000, 0x000000008bc00000| Untracked 
| 113|0x000000008bd00000, 0x000000008bd00000, 0x000000008be00000|  0%| F|  |TAMS 0x000000008bd00000, 0x000000008bd00000| Untracked 
| 114|0x000000008be00000, 0x000000008be00000, 0x000000008bf00000|  0%| F|  |TAMS 0x000000008be00000, 0x000000008be00000| Untracked 
| 115|0x000000008bf00000, 0x000000008bf00000, 0x000000008c000000|  0%| F|  |TAMS 0x000000008bf00000, 0x000000008bf00000| Untracked 
| 116|0x000000008c000000, 0x000000008c000000, 0x000000008c100000|  0%| F|  |TAMS 0x000000008c000000, 0x000000008c000000| Untracked 
| 117|0x000000008c100000, 0x000000008c100000, 0x000000008c200000|  0%| F|  |TAMS 0x000000008c100000, 0x000000008c100000| Untracked 
| 118|0x000000008c200000, 0x000000008c200000, 0x000000008c300000|  0%| F|  |TAMS 0x000000008c200000, 0x000000008c200000| Untracked 
| 119|0x000000008c300000, 0x000000008c300000, 0x000000008c400000|  0%| F|  |TAMS 0x000000008c300000, 0x000000008c300000| Untracked 
| 120|0x000000008c400000, 0x000000008c400000, 0x000000008c500000|  0%| F|  |TAMS 0x000000008c400000, 0x000000008c400000| Untracked 
| 121|0x000000008c500000, 0x000000008c5f64a8, 0x000000008c600000| 96%| E|  |TAMS 0x000000008c500000, 0x000000008c500000| Complete 
| 122|0x000000008c600000, 0x000000008c700000, 0x000000008c700000|100%| E|CS|TAMS 0x000000008c600000, 0x000000008c600000| Complete 
| 123|0x000000008c700000, 0x000000008c800000, 0x000000008c800000|100%| E|CS|TAMS 0x000000008c700000, 0x000000008c700000| Complete 

Card table byte_map: [0x000001dcb6bc0000,0x000001dcb6fa0000] _byte_map_base: 0x000001dcb679a000

Marking Bits (Prev, Next): (CMBitMap*) 0x000001dc9e8f1a68, (CMBitMap*) 0x000001dc9e8f1aa0
 Prev Bits: [0x000001dcb7380000, 0x000001dcb9250000)
 Next Bits: [0x000001dcb9250000, 0x000001dcbb120000)

Polling page: 0x000001dca6d50000

Metaspace:

Usage:
  Non-class:      5.69 MB capacity,     5.65 MB (>99%) used,    28.77 KB ( <1%) free+waste,     4.75 KB ( <1%) overhead. 
      Class:    618.00 KB capacity,   563.69 KB ( 91%) used,    51.75 KB (  8%) free+waste,     2.56 KB ( <1%) overhead. 
       Both:      6.29 MB capacity,     6.21 MB ( 99%) used,    80.52 KB (  1%) free+waste,     7.31 KB ( <1%) overhead. 

Virtual space:
  Non-class space:        8.00 MB reserved,       5.75 MB ( 72%) committed 
      Class space:        1.00 GB reserved,     640.00 KB ( <1%) committed 
             Both:        1.01 GB reserved,       6.38 MB ( <1%) committed 

Chunk freelists:
   Non-Class:  0 bytes
       Class:  0 bytes
        Both:  0 bytes

CodeHeap 'non-profiled nmethods': size=120000Kb used=77Kb max_used=77Kb free=119922Kb
 bounds [0x000001dcae840000, 0x000001dcaeab0000, 0x000001dcb5d70000]
CodeHeap 'profiled nmethods': size=120000Kb used=253Kb max_used=253Kb free=119746Kb
 bounds [0x000001dca7310000, 0x000001dca7580000, 0x000001dcae840000]
CodeHeap 'non-nmethods': size=5760Kb used=1146Kb max_used=1150Kb free=4613Kb
 bounds [0x000001dca6d70000, 0x000001dca6fe0000, 0x000001dca7310000]
 total_blobs=587 nmethods=249 adapters=258
 compilation: enabled
              stopped_count=0, restarted_count=0
 full_count=0

Compilation events (10 events):
Event: 0.383 Thread 0x000001dcbdc15800  207       3       java.lang.String::isEmpty (14 bytes)
Event: 0.383 Thread 0x000001dcbdc15800 nmethod 207 0x000001dca734dc90 code [0x000001dca734de40, 0x000001dca734df98]
Event: 0.383 Thread 0x000001dcbdc15800  208       3       java.lang.StringBuilder::<init> (7 bytes)
Event: 0.383 Thread 0x000001dcbdc15800 nmethod 208 0x000001dca734e090 code [0x000001dca734e240, 0x000001dca734e388]
Event: 0.384 Thread 0x000001dcbdc15800  209       3       java.lang.AbstractStringBuilder::newCapacity (55 bytes)
Event: 0.384 Thread 0x000001dcbdc15800 nmethod 209 0x000001dca734e410 code [0x000001dca734e5c0, 0x000001dca734e808]
Event: 0.389 Thread 0x000001dcbdc15800  210       3       java.lang.String::charAt (25 bytes)
Event: 0.389 Thread 0x000001dcbdc15800 nmethod 210 0x000001dca734e910 code [0x000001dca734eb20, 0x000001dca734f038]
Event: 0.391 Thread 0x000001dcbdc15800  211       3       jdk.internal.misc.Unsafe::putObjectRelease (9 bytes)
Event: 0.391 Thread 0x000001dcbdc15800 nmethod 211 0x000001dca734f290 code [0x000001dca734f420, 0x000001dca734f578]

GC Heap History (0 events):
No events

Deoptimization events (2 events):
Event: 0.338 Thread 0x000001dc9e8b6000 Uncommon trap: reason=unstable_if action=reinterpret pc=0x000001dcae844f7c method=java.lang.String.isLatin1()Z @ 10 c2
Event: 0.388 Thread 0x000001dc9e8b6000 Uncommon trap: reason=unstable_if action=reinterpret pc=0x000001dcae84d7f0 method=java.lang.String.isLatin1()Z @ 10 c2

Classes redefined (0 events):
No events

Internal exceptions (1 events):
Event: 10.830 Thread 0x000001dc9e8b6000 Exception <a 'java/lang/ClassNotFoundException'{0x000000008c5aa000}: com/intellij/rt/debugger/BatchEvaluatorServer> (0x000000008c5aa000) thrown at [./open/src/hotspot/share/classfile/systemDictionary.cpp, line 228]

Events (10 events):
Event: 273.447 Executing VM operation: SetFramePop
Event: 273.447 Executing VM operation: SetFramePop done
Event: 273.447 Executing VM operation: GetFrameLocation
Event: 273.447 Executing VM operation: GetFrameLocation done
Event: 273.449 Executing VM operation: GetFrameCount
Event: 273.449 Executing VM operation: GetFrameCount done
Event: 273.449 Executing VM operation: SetFramePop
Event: 273.449 Executing VM operation: SetFramePop done
Event: 273.449 Executing VM operation: GetFrameLocation
Event: 273.449 Executing VM operation: GetFrameLocation done


Dynamic libraries:
0x00007ff79fba0000 - 0x00007ff79fbaf000 	C:\Program Files\Java\jdk-11.0.10\bin\java.exe
0x00007ffebc6f0000 - 0x00007ffebc8e5000 	C:\WINDOWS\SYSTEM32\ntdll.dll
0x00007ffebbf50000 - 0x00007ffebc00e000 	C:\WINDOWS\System32\KERNEL32.DLL
0x00007ffeba170000 - 0x00007ffeba439000 	C:\WINDOWS\System32\KERNELBASE.dll
0x00007ffeb9ed0000 - 0x00007ffeb9fd0000 	C:\WINDOWS\System32\ucrtbase.dll
0x00007ffeb0940000 - 0x00007ffeb0958000 	C:\Program Files\Java\jdk-11.0.10\bin\jli.dll
0x00007ffea2ff0000 - 0x00007ffea3005000 	C:\Program Files\Java\jdk-11.0.10\bin\VCRUNTIME140.dll
0x00007ffebbe80000 - 0x00007ffebbf2c000 	C:\WINDOWS\System32\ADVAPI32.dll
0x00007ffeba740000 - 0x00007ffeba7de000 	C:\WINDOWS\System32\msvcrt.dll
0x00007ffeba960000 - 0x00007ffeba9fb000 	C:\WINDOWS\System32\sechost.dll
0x00007ffebc580000 - 0x00007ffebc6aa000 	C:\WINDOWS\System32\RPCRT4.dll
0x00007ffebb1a0000 - 0x00007ffebb341000 	C:\WINDOWS\System32\USER32.dll
0x00007ffeb9e70000 - 0x00007ffeb9e92000 	C:\WINDOWS\System32\win32u.dll
0x00007ffebbd90000 - 0x00007ffebbdbb000 	C:\WINDOWS\System32\GDI32.dll
0x00007ffeba060000 - 0x00007ffeba16b000 	C:\WINDOWS\System32\gdi32full.dll
0x00007ffeba5f0000 - 0x00007ffeba68d000 	C:\WINDOWS\System32\msvcp_win.dll
0x00007ffe9ae00000 - 0x00007ffe9b09a000 	C:\WINDOWS\WinSxS\amd64_microsoft.windows.common-controls_6595b64144ccf1df_6.0.19041.1110_none_60b5254171f9507e\COMCTL32.dll
0x00007ffeb2160000 - 0x00007ffeb216a000 	C:\WINDOWS\SYSTEM32\VERSION.dll
0x00007ffebba70000 - 0x00007ffebbaa0000 	C:\WINDOWS\System32\IMM32.DLL
0x00007ffe83c80000 - 0x00007ffe83d1b000 	C:\Program Files\Java\jdk-11.0.10\bin\msvcp140.dll
0x00007ffe63400000 - 0x00007ffe63efb000 	C:\Program Files\Java\jdk-11.0.10\bin\server\jvm.dll
0x00007ffebb9f0000 - 0x00007ffebb9f8000 	C:\WINDOWS\System32\PSAPI.DLL
0x00007ffe9bf20000 - 0x00007ffe9bf29000 	C:\WINDOWS\SYSTEM32\WSOCK32.dll
0x00007ffe9bf90000 - 0x00007ffe9bfb7000 	C:\WINDOWS\SYSTEM32\WINMM.dll
0x00007ffebba00000 - 0x00007ffebba6b000 	C:\WINDOWS\System32\WS2_32.dll
0x00007ffeb8690000 - 0x00007ffeb86a2000 	C:\WINDOWS\SYSTEM32\kernel.appcore.dll
0x00007ffeb1af0000 - 0x00007ffeb1b00000 	C:\Program Files\Java\jdk-11.0.10\bin\verify.dll
0x00007ffeb8470000 - 0x00007ffeb8654000 	C:\WINDOWS\SYSTEM32\DBGHELP.DLL
0x00007ffe9ef70000 - 0x00007ffe9ef9c000 	C:\WINDOWS\SYSTEM32\dbgcore.DLL
0x00007ffeb9fd0000 - 0x00007ffeba053000 	C:\WINDOWS\System32\bcryptPrimitives.dll
0x00007ffe9bd50000 - 0x00007ffe9bd78000 	C:\Program Files\Java\jdk-11.0.10\bin\java.dll
0x00007ffea67d0000 - 0x00007ffea67da000 	C:\Program Files\Java\jdk-11.0.10\bin\jimage.dll
0x00007ffe83a70000 - 0x00007ffe83aa8000 	C:\Program Files\Java\jdk-11.0.10\bin\jdwp.dll
0x00007ffea2fe0000 - 0x00007ffea2fee000 	C:\Program Files\Java\jdk-11.0.10\bin\instrument.dll
0x00007ffe9c860000 - 0x00007ffe9c876000 	C:\Program Files\Java\jdk-11.0.10\bin\zip.dll
0x00007ffebaa60000 - 0x00007ffebb19f000 	C:\WINDOWS\System32\SHELL32.dll
0x00007ffeb7ce0000 - 0x00007ffeb8470000 	C:\WINDOWS\SYSTEM32\windows.storage.dll
0x00007ffebb690000 - 0x00007ffebb9e5000 	C:\WINDOWS\System32\combase.dll
0x00007ffeb9790000 - 0x00007ffeb97bc000 	C:\WINDOWS\SYSTEM32\Wldp.dll
0x00007ffebbdc0000 - 0x00007ffebbe6d000 	C:\WINDOWS\System32\SHCORE.dll
0x00007ffeba900000 - 0x00007ffeba955000 	C:\WINDOWS\System32\shlwapi.dll
0x00007ffeb9d50000 - 0x00007ffeb9d6f000 	C:\WINDOWS\SYSTEM32\profapi.dll
0x00007ffea2210000 - 0x00007ffea221a000 	C:\Program Files\Java\jdk-11.0.10\bin\dt_socket.dll
0x00007ffeb94f0000 - 0x00007ffeb955a000 	C:\WINDOWS\system32\mswsock.dll
0x00007ffe9a9a0000 - 0x00007ffe9a9b9000 	C:\Program Files\Java\jdk-11.0.10\bin\net.dll
0x00007ffeaddb0000 - 0x00007ffeadeb8000 	C:\WINDOWS\SYSTEM32\WINHTTP.dll
0x00007ffe9a3b0000 - 0x00007ffe9a3c2000 	C:\Program Files\Java\jdk-11.0.10\bin\nio.dll

dbghelp: loaded successfully - version: 4.0.5 - missing functions: none
symbol engine: initialized successfully - sym options: 0x614 - pdb path: .;C:\Program Files\Java\jdk-11.0.10\bin;C:\WINDOWS\SYSTEM32;C:\WINDOWS\WinSxS\amd64_microsoft.windows.common-controls_6595b64144ccf1df_6.0.19041.1110_none_60b5254171f9507e;C:\Program Files\Java\jdk-11.0.10\bin\server

VM Arguments:
jvm_args: -agentlib:jdwp=transport=dt_socket,address=127.0.0.1:57659,suspend=y,server=n -javaagent:C:\Users\maria\AppData\Local\JetBrains\IdeaIC2020.3\captureAgent\debugger-agent.jar -Dfile.encoding=UTF-8 
java_command: debug.learnDebugging
java_class_path (initial): C:\Users\maria\IdeaProjects\Interview\out\production\Interview;C:\Program Files\JetBrains\IntelliJ IDEA Community Edition 2020.3.1\lib\idea_rt.jar
Launcher Type: SUN_STANDARD

[Global flags]
     intx CICompilerCount                          = 4                                         {product} {ergonomic}
     uint ConcGCThreads                            = 2                                         {product} {ergonomic}
     uint G1ConcRefinementThreads                  = 8                                         {product} {ergonomic}
   size_t G1HeapRegionSize                         = 1048576                                   {product} {ergonomic}
    uintx GCDrainStackTargetSize                   = 64                                        {product} {ergonomic}
   size_t InitialHeapSize                          = 130023424                                 {product} {ergonomic}
   size_t MarkStackSize                            = 4194304                                   {product} {ergonomic}
   size_t MaxHeapSize                              = 2067791872                                {product} {ergonomic}
   size_t MaxNewSize                               = 1240465408                                {product} {ergonomic}
   size_t MinHeapDeltaBytes                        = 1048576                                   {product} {ergonomic}
    uintx NonNMethodCodeHeapSize                   = 5836300                                {pd product} {ergonomic}
    uintx NonProfiledCodeHeapSize                  = 122910970                              {pd product} {ergonomic}
    uintx ProfiledCodeHeapSize                     = 122910970                              {pd product} {ergonomic}
    uintx ReservedCodeCacheSize                    = 251658240                              {pd product} {ergonomic}
     bool SegmentedCodeCache                       = true                                      {product} {ergonomic}
     bool UseCompressedClassPointers               = true                                 {lp64_product} {ergonomic}
     bool UseCompressedOops                        = true                                 {lp64_product} {ergonomic}
     bool UseG1GC                                  = true                                      {product} {ergonomic}
     bool UseLargePagesIndividualAllocation        = false                                  {pd product} {ergonomic}

Logging:
Log output configuration:
 #0: stdout all=warning uptime,level,tags
 #1: stderr all=off uptime,level,tags

Environment Variables:
JAVA_HOME=C:\Program Files\Java\jdk1.8.0_271
PATH=C:\Python39\Scripts\;C:\Python39\;C:\Program Files (x86)\Common Files\Oracle\Java\javapath;C:\Program Files\Common Files\Oracle\Java\javapath;C:\WINDOWS\system32;C:\WINDOWS;C:\WINDOWS\System32\Wbem;C:\WINDOWS\System32\WindowsPowerShell\v1.0\;C:\WINDOWS\System32\OpenSSH\;C:\Program Files\Java\jre1.8.0_271;C:\Program Files\Java\jre1.8.0_271\bin;C:\Program Files\Git\cmd;C:\apache-maven-3.6.3-bin\apache-maven-3.6.3\bin;C:\Program Files\nodejs\;C:\ProgramData\chocolatey\bin;;C:\Program Files (x86)\PDFtk\bin\;C:\Program Files\MySQL\MySQL Shell 8.0\bin\;C:\Users\maria\AppData\Local\Microsoft\WindowsApps;C:\Users\maria\AppData\Roaming\npm;
USERNAME=maria
OS=Windows_NT
PROCESSOR_IDENTIFIER=Intel64 Family 6 Model 126 Stepping 5, GenuineIntel



---------------  S Y S T E M  ---------------

OS: Windows 10 , 64 bit Build 19041 (10.0.19041.1202)

CPU:total 8 (initial active 8) (4 cores per cpu, 2 threads per core) family 6 model 126 stepping 5 microcode 0xa6, cmov, cx8, fxsr, mmx, sse, sse2, sse3, ssse3, sse4.1, sse4.2, popcnt, avx, avx2, aes, clmul, erms, 3dnowpref, lzcnt, ht, tsc, tscinvbit, bmi1, bmi2, adx, evex, sha, fma

Memory: 4k page, system-wide physical 7880M (1320M free)
TotalPageFile size 15830M (AvailPageFile size 2719M)
current process WorkingSet (physical memory assigned to process): 36M, peak: 36M
current process commit charge ("private bytes"): 202M, peak: 202M

vm_info: Java HotSpot(TM) 64-Bit Server VM (11.0.10+8-LTS-162) for windows-amd64 JRE (11.0.10+8-LTS-162), built on Dec  8 2020 16:32:57 by "mach5one" with MS VC++ 15.9 (VS2017)

END.
